2019-11-15 14:27:17,735 INFO org.springframework.boot.StartupInfoLogger [main] Starting SecurityApplication on GGPP10526 with PID 15735 (/home/sovanndarauom/Documents/bitbucket/security/build/classes/java/main started by sovanndarauom in /home/sovanndarauom/Documents/bitbucket/security)
2019-11-15 14:27:17,740 DEBUG org.springframework.boot.StartupInfoLogger [main] Running with Spring Boot v2.2.1.RELEASE, Spring v5.2.1.RELEASE
2019-11-15 14:27:17,741 INFO org.springframework.boot.SpringApplication [main] No active profile set, falling back to default profiles: default
2019-11-15 14:27:18,581 INFO org.springframework.data.repository.config.RepositoryConfigurationDelegate [main] Bootstrapping Spring Data repositories in DEFAULT mode.
2019-11-15 14:27:18,615 INFO org.springframework.data.repository.config.RepositoryConfigurationDelegate [main] Finished Spring Data repository scanning in 19ms. Found 0 repository interfaces.
2019-11-15 14:27:18,971 INFO org.springframework.context.support.PostProcessorRegistrationDelegate$BeanPostProcessorChecker [main] Bean 'org.springframework.transaction.annotation.ProxyTransactionManagementConfiguration' of type [org.springframework.transaction.annotation.ProxyTransactionManagementConfiguration] is not eligible for getting processed by all BeanPostProcessors (for example: not eligible for auto-proxying)
2019-11-15 14:27:19,259 INFO org.springframework.boot.web.embedded.tomcat.TomcatWebServer [main] Tomcat initialized with port(s): 8080 (http)
2019-11-15 14:27:19,271 INFO org.apache.juli.logging.DirectJDKLog [main] Initializing ProtocolHandler ["http-nio-8080"]
2019-11-15 14:27:19,272 INFO org.apache.juli.logging.DirectJDKLog [main] Starting service [Tomcat]
2019-11-15 14:27:19,276 INFO org.apache.juli.logging.DirectJDKLog [main] Starting Servlet engine: [Apache Tomcat/9.0.27]
2019-11-15 14:27:19,365 INFO org.apache.juli.logging.DirectJDKLog [main] Initializing Spring embedded WebApplicationContext
2019-11-15 14:27:19,367 INFO org.springframework.boot.web.servlet.context.ServletWebServerApplicationContext [main] Root WebApplicationContext: initialization completed in 1556 ms
2019-11-15 14:27:19,518 INFO com.zaxxer.hikari.HikariDataSource [main] HikariPool-1 - Starting...
2019-11-15 14:27:19,573 INFO com.zaxxer.hikari.HikariDataSource [main] HikariPool-1 - Start completed.
2019-11-15 14:27:20,254 INFO liquibase.logging.core.Slf4jLogger [main] SELECT COUNT(*) FROM security.DATABASECHANGELOGLOCK
2019-11-15 14:27:20,277 INFO liquibase.logging.core.Slf4jLogger [main] SELECT COUNT(*) FROM security.DATABASECHANGELOGLOCK
2019-11-15 14:27:20,281 INFO liquibase.logging.core.Slf4jLogger [main] SELECT `LOCKED` FROM security.DATABASECHANGELOGLOCK WHERE ID=1
2019-11-15 14:27:20,308 INFO liquibase.logging.core.Slf4jLogger [main] Successfully acquired change log lock
2019-11-15 14:27:21,675 INFO liquibase.logging.core.Slf4jLogger [main] Reading resource: db/changelog/changes/person.xml
2019-11-15 14:27:21,796 INFO liquibase.logging.core.Slf4jLogger [main] SELECT MD5SUM FROM security.DATABASECHANGELOG WHERE MD5SUM IS NOT NULL LIMIT 1
2019-11-15 14:27:21,798 INFO liquibase.logging.core.Slf4jLogger [main] SELECT COUNT(*) FROM security.DATABASECHANGELOG
2019-11-15 14:27:21,800 INFO liquibase.logging.core.Slf4jLogger [main] Reading from security.DATABASECHANGELOG
2019-11-15 14:27:21,802 INFO liquibase.logging.core.Slf4jLogger [main] SELECT * FROM security.DATABASECHANGELOG ORDER BY DATEEXECUTED ASC, ORDEREXECUTED ASC
2019-11-15 14:27:21,816 INFO liquibase.logging.core.Slf4jLogger [main] Successfully released change log lock
2019-11-15 14:27:21,904 INFO org.hibernate.jpa.internal.util.LogHelper [main] HHH000204: Processing PersistenceUnitInfo [name: default]
2019-11-15 14:27:21,974 INFO org.hibernate.Version [main] HHH000412: Hibernate Core {5.4.8.Final}
2019-11-15 14:27:22,109 INFO org.hibernate.annotations.common.reflection.java.JavaReflectionManager [main] HCANN000001: Hibernate Commons Annotations {5.1.0.Final}
2019-11-15 14:27:22,219 INFO org.hibernate.dialect.Dialect [main] HHH000400: Using dialect: org.hibernate.dialect.MariaDB103Dialect
2019-11-15 14:27:22,437 INFO org.hibernate.engine.transaction.jta.platform.internal.JtaPlatformInitiator [main] HHH000490: Using JtaPlatform implementation: [org.hibernate.engine.transaction.jta.platform.internal.NoJtaPlatform]
2019-11-15 14:27:22,445 INFO org.springframework.orm.jpa.AbstractEntityManagerFactoryBean [main] Initialized JPA EntityManagerFactory for persistence unit 'default'
2019-11-15 14:27:22,502 WARN org.springframework.boot.autoconfigure.orm.jpa.JpaBaseConfiguration$JpaWebConfiguration [main] spring.jpa.open-in-view is enabled by default. Therefore, database queries may be performed during view rendering. Explicitly configure spring.jpa.open-in-view to disable this warning
2019-11-15 14:27:22,682 INFO org.springframework.scheduling.concurrent.ExecutorConfigurationSupport [main] Initializing ExecutorService 'applicationTaskExecutor'
2019-11-15 14:27:22,761 INFO org.springframework.boot.autoconfigure.web.servlet.WelcomePageHandlerMapping [main] Adding welcome page: class path resource [static/index.html]
2019-11-15 14:27:22,940 INFO org.apache.juli.logging.DirectJDKLog [main] Starting ProtocolHandler ["http-nio-8080"]
2019-11-15 14:27:22,958 INFO org.springframework.boot.web.embedded.tomcat.TomcatWebServer [main] Tomcat started on port(s): 8080 (http) with context path ''
2019-11-15 14:27:22,963 INFO org.springframework.boot.StartupInfoLogger [main] Started SecurityApplication in 6.365 seconds (JVM running for 7.038)
2019-11-15 14:28:07,885 INFO org.apache.juli.logging.DirectJDKLog [http-nio-8080-exec-1] Initializing Spring DispatcherServlet 'dispatcherServlet'
2019-11-15 14:28:07,886 INFO org.springframework.web.servlet.FrameworkServlet [http-nio-8080-exec-1] Initializing Servlet 'dispatcherServlet'
2019-11-15 14:28:07,895 INFO org.springframework.web.servlet.FrameworkServlet [http-nio-8080-exec-1] Completed initialization in 9 ms
2019-11-15 14:28:07,977 TRACE com.suom.security.controller.LoggingController [http-nio-8080-exec-1] A TRACE Message
2019-11-15 14:28:07,977 DEBUG com.suom.security.controller.LoggingController [http-nio-8080-exec-1] A DEBUG Message
2019-11-15 14:28:07,978 INFO com.suom.security.controller.LoggingController [http-nio-8080-exec-1] An INFO Message
2019-11-15 14:28:07,978 WARN com.suom.security.controller.LoggingController [http-nio-8080-exec-1] A WARN Message
2019-11-15 14:28:07,978 ERROR com.suom.security.controller.LoggingController [http-nio-8080-exec-1] An ERROR Message
2019-11-15 16:38:14,510 TRACE com.suom.security.controller.LoggingController [http-nio-8080-exec-3] A TRACE Message
2019-11-15 16:38:14,518 DEBUG com.suom.security.controller.LoggingController [http-nio-8080-exec-3] A DEBUG Message
2019-11-15 16:38:14,521 INFO com.suom.security.controller.LoggingController [http-nio-8080-exec-3] An INFO Message
2019-11-15 16:38:14,522 WARN com.suom.security.controller.LoggingController [http-nio-8080-exec-3] A WARN Message
2019-11-15 16:38:14,522 ERROR com.suom.security.controller.LoggingController [http-nio-8080-exec-3] An ERROR Message
2019-11-15 16:46:21,670 INFO org.springframework.scheduling.concurrent.ExecutorConfigurationSupport [SpringContextShutdownHook] Shutting down ExecutorService 'applicationTaskExecutor'
2019-11-15 16:46:21,672 INFO org.springframework.orm.jpa.AbstractEntityManagerFactoryBean [SpringContextShutdownHook] Closing JPA EntityManagerFactory for persistence unit 'default'
2019-11-15 16:46:21,675 INFO com.zaxxer.hikari.HikariDataSource [SpringContextShutdownHook] HikariPool-1 - Shutdown initiated...
2019-11-15 16:46:21,679 INFO com.zaxxer.hikari.HikariDataSource [SpringContextShutdownHook] HikariPool-1 - Shutdown completed.
